
Start-Date: 2021-01-09  14:59:52
Commandline: apt-get -o APT::Status-Fd=4 -o APT::Keep-Fds::=5 -o APT::Keep-Fds::=6 -q -y --no-remove install locales
Install: locales:amd64 (2.28-10), libc-l10n:amd64 (2.28-10, automatic)
End-Date: 2021-01-09  14:59:55

Start-Date: 2021-01-09  09:59:57
Commandline: apt-get -o APT::Status-Fd=4 -o APT::Keep-Fds::=5 -o APT::Keep-Fds::=6 -q -y --no-remove install busybox
Install: busybox:amd64 (1:1.30.1-4)
End-Date: 2021-01-09  09:59:57

Start-Date: 2021-01-09  09:59:58
Commandline: apt-get -o APT::Status-Fd=4 -o APT::Keep-Fds::=5 -o APT::Keep-Fds::=6 -q -y --no-remove install initramfs-tools
Install: linux-base:amd64 (4.6, automatic), libklibc:amd64 (2.0.6-1, automatic), klibc-utils:amd64 (2.0.6-1, automatic), initramfs-tools-core:amd64 (0.133+deb10u1, automatic), initramfs-tools:amd64 (0.133+deb10u1)
End-Date: 2021-01-09  09:59:58

Start-Date: 2021-01-09  09:59:59
Commandline: apt-get -o APT::Status-Fd=4 -o APT::Keep-Fds::=5 -o APT::Keep-Fds::=6 -q -y --no-remove -o APT::Install-Recommends=true install linux-image-amd64
Install: libpython3.7-minimal:amd64 (3.7.3-2, automatic), libsqlite3-0:amd64 (3.27.2-3, automatic), python3.7:amd64 (3.7.3-2, automatic), python3:amd64 (3.7.3-1, automatic), mime-support:amd64 (3.62, automatic), libmagic1:amd64 (1:5.35-4+deb10u1, automatic), libmpdec2:amd64 (2.4.2-2, automatic), libpython3.7-stdlib:amd64 (3.7.3-2, automatic), libexpat1:amd64 (2.2.6-2+deb10u1, automatic), python3.7-minimal:amd64 (3.7.3-2, automatic), firmware-linux-free:amd64 (3.4, automatic), python3-minimal:amd64 (3.7.3-1, automatic), libmagic-mgc:amd64 (1:5.35-4+deb10u1, automatic), linux-image-4.19.0-6-amd64:amd64 (4.19.67-2+deb10u1, automatic), libpython3-stdlib:amd64 (3.7.3-1, automatic), linux-image-amd64:amd64 (4.19+105+deb10u1), xz-utils:amd64 (5.2.4-1, automatic), libreadline7:amd64 (7.0-5, automatic), bzip2:amd64 (1.0.6-9.2~deb10u1, automatic), file:amd64 (1:5.35-4+deb10u1, automatic), apparmor:amd64 (2.13.2-10, automatic)
End-Date: 2021-01-09  10:00:48

Start-Date: 2021-01-09  10:00:48
Commandline: apt-get -o APT::Status-Fd=4 -o APT::Keep-Fds::=5 -o APT::Keep-Fds::=6 -q -y --no-remove install pciutils
Install: pciutils:amd64 (1:3.5.2-1), libpci3:amd64 (1:3.5.2-1, automatic)
End-Date: 2021-01-09  10:00:49

Start-Date: 2021-01-09  10:00:49
Commandline: apt-get -o APT::Status-Fd=4 -o APT::Keep-Fds::=5 -o APT::Keep-Fds::=6 -q -y --no-remove install usbutils
Install: libusb-1.0-0:amd64 (2:1.0.22-2, automatic), usb.ids:amd64 (2019.07.27-0+deb10u1, automatic), usbutils:amd64 (1:010-3)
End-Date: 2021-01-09  10:00:50

Start-Date: 2021-01-09  10:00:50
Commandline: apt-get -o APT::Status-Fd=4 -o APT::Keep-Fds::=5 -o APT::Keep-Fds::=6 -q -y --no-remove install eject
Install: eject:amd64 (2.1.5+deb1+cvs20081104-13.2)
End-Date: 2021-01-09  10:00:50

Start-Date: 2021-01-09  10:00:51
Commandline: apt-get -o APT::Status-Fd=4 -o APT::Keep-Fds::=5 -o APT::Keep-Fds::=6 -q -y --no-remove install keyboard-configuration
Install: keyboard-configuration:amd64 (1.193~deb10u1)
End-Date: 2021-01-09  10:00:52

Start-Date: 2021-01-09  10:00:52
Commandline: apt-get -o APT::Status-Fd=4 -o APT::Keep-Fds::=5 -o APT::Keep-Fds::=6 -q -y --no-remove install console-setup
Install: console-setup-linux:amd64 (1.193~deb10u1, automatic), console-setup:amd64 (1.193~deb10u1), xkb-data:amd64 (2.26-2, automatic), kbd:amd64 (2.0.4-4, automatic)
End-Date: 2021-01-09  10:00:55

Start-Date: 2021-01-09  10:02:21
Commandline: apt-get -o APT::Status-Fd=4 -o APT::Keep-Fds::=5 -o APT::Keep-Fds::=6 -q --no-install-recommends -y -o DPkg::options=--force-confnew upgrade --with-new-pkgs
Install: linux-image-4.19.0-13-amd64:amd64 (4.19.160-2, automatic)
Upgrade: libpython3.7-minimal:amd64 (3.7.3-2, 3.7.3-2+deb10u2), perl-base:amd64 (5.28.1-6, 5.28.1-6+deb10u1), libcom-err2:amd64 (1.44.5-1+deb10u2, 1.44.5-1+deb10u3), libapt-inst2.0:amd64 (1.8.2, 1.8.2.2), libsystemd0:amd64 (241-7~deb10u2, 241-7~deb10u5), apt:amd64 (1.8.2, 1.8.2.2), libsqlite3-0:amd64 (3.27.2-3, 3.27.2-3+deb10u1), e2fsprogs:amd64 (1.44.5-1+deb10u2, 1.44.5-1+deb10u3), python3.7:amd64 (3.7.3-2, 3.7.3-2+deb10u2), udev:amd64 (241-7~deb10u2, 241-7~deb10u5), libisc-export1100:amd64 (1:9.11.5.P4+dfsg-5.1, 1:9.11.5.P4+dfsg-5.1+deb10u2), libapt-pkg5.0:amd64 (1.8.2, 1.8.2.2), libpython3.7-stdlib:amd64 (3.7.3-2, 3.7.3-2+deb10u2), libudev1:amd64 (241-7~deb10u2, 241-7~deb10u5), python3.7-minimal:amd64 (3.7.3-2, 3.7.3-2+deb10u2), libss2:amd64 (1.44.5-1+deb10u2, 1.44.5-1+deb10u3), libext2fs2:amd64 (1.44.5-1+deb10u2, 1.44.5-1+deb10u3), linux-image-4.19.0-6-amd64:amd64 (4.19.67-2+deb10u1, 4.19.67-2+deb10u2), linux-image-amd64:amd64 (4.19+105+deb10u1, 4.19+105+deb10u8), systemd-sysv:amd64 (241-7~deb10u2, 241-7~deb10u5), systemd:amd64 (241-7~deb10u2, 241-7~deb10u5), apt-utils:amd64 (1.8.2, 1.8.2.2), libdns-export1104:amd64 (1:9.11.5.P4+dfsg-5.1, 1:9.11.5.P4+dfsg-5.1+deb10u2), iputils-ping:amd64 (3:20180629-2, 3:20180629-2+deb10u1), libgnutls30:amd64 (3.6.7-4, 3.6.7-4+deb10u5), libp11-kit0:amd64 (0.23.15-2, 0.23.15-2+deb10u1), libssl1.1:amd64 (1.1.1d-0+deb10u2, 1.1.1d-0+deb10u4), libjson-c3:amd64 (0.12.1+ds-2, 0.12.1+ds-2+deb10u1), libidn2-0:amd64 (2.0.5-1, 2.0.5-1+deb10u1), base-files:amd64 (10.3+deb10u2, 10.3+deb10u7), tzdata:amd64 (2019c-0+deb10u1, 2020e-0+deb10u1)
End-Date: 2021-01-09  10:04:31

Start-Date: 2021-01-09  10:04:34
Commandline: apt-get -o APT::Status-Fd=4 -o APT::Keep-Fds::=5 -o APT::Keep-Fds::=6 -q -y --no-remove install laptop-detect
Install: laptop-detect:amd64 (0.16)
End-Date: 2021-01-09  10:04:35

Start-Date: 2021-01-09  10:04:37
Commandline: apt-get -o APT::Status-Fd=4 -o APT::Keep-Fds::=5 -o APT::Keep-Fds::=6 -q -y --no-remove install discover
Install: libdiscover2:amd64 (2.1.2-8, automatic), discover-data:amd64 (2.2013.01.11, automatic), libusb-0.1-4:amd64 (2:0.1.12-32, automatic), discover:amd64 (2.1.2-8)
End-Date: 2021-01-09  10:04:38

Start-Date: 2021-01-09  10:04:40
Commandline: apt-get -o APT::Status-Fd=4 -o APT::Keep-Fds::=5 -o APT::Keep-Fds::=6 -q -y --no-remove -o APT::Install-Recommends=false install installation-report
Install: installation-report:amd64 (2.71)
End-Date: 2021-01-09  10:04:40

Start-Date: 2021-01-09  10:07:55
Commandline: apt-get -o APT::Status-Fd=4 -o APT::Keep-Fds::=5 -o APT::Keep-Fds::=6 -q -y --no-remove -o APT::Install-Recommends=false install popularity-contest
Install: popularity-contest:amd64 (1.67)
End-Date: 2021-01-09  10:07:56

Start-Date: 2021-01-09  10:09:20
Commandline: apt-get -o APT::Status-Fd=4 -o APT::Keep-Fds::=5 -o APT::Keep-Fds::=6 -q -y -o APT::Install-Recommends=true -o APT::Get::AutomaticRemove=true -o APT::Acquire::Retries=3 install task-print-server task-english python3-reportbug perl debian-faq wget krb5-locales lsof dbus libnss-systemd bash-completion doc-debian liblockfile-bin groff-base ncurses-term apt-listchanges wamerican man-db bind9-host python netcat-traditional reportbug perl-modules-5.28 hdparm traceroute python2.7 python-minimal manpages openssh-client ucf libpam-systemd gettext-base telnet
Install: python3-pexpect:amd64 (4.6.0-1, automatic), libxdmcp6:amd64 (1:1.1.2-3, automatic), manpages:amd64 (4.16-2), libpolkit-gobject-1-0:amd64 (0.105-25, automatic), iso-codes:amd64 (4.2-1, automatic), libssh2-1:amd64 (1.8.0-2.1, automatic), libwebp6:amd64 (0.6.1-2, automatic), hplip-data:amd64 (3.18.12+dfsg0-2, automatic), libqpdf21:amd64 (8.4.0-2, automatic), ienglish-common:amd64 (3.4.00-6, automatic), libkrb5-3:amd64 (1.17-3+deb10u1, automatic), libgssapi-krb5-2:amd64 (1.17-3+deb10u1, automatic), liblouisutdml-data:amd64 (2.7.0-5, automatic), libopenjp2-7:amd64 (2.3.0-2+deb10u1, automatic), poppler-utils:amd64 (0.71.0-5, automatic), libgusb2:amd64 (0.3.0-1, automatic), libnghttp2-14:amd64 (1.36.0-2+deb10u1, automatic), libgphoto2-port12:amd64 (2.5.22-3, automatic), util-linux-locales:amd64 (2.33.1-0.1, automatic), libieee1284-3:amd64 (0.2.11-13, automatic), libfontenc1:amd64 (1:1.1.3-1+b2, automatic), libisccfg163:amd64 (1:9.11.5.P4+dfsg-5.1+deb10u2, automatic), libcups2:amd64 (2.2.10-6+deb10u4, automatic), libdbus-1-3:amd64 (1.12.20-0+deb10u1, automatic), printer-driver-splix:amd64 (2.0.0+svn315-7, automatic), publicsuffix:amd64 (20190415.1030-1, automatic), libdrm-nouveau2:amd64 (2.4.97-1, automatic), liblockfile-bin:amd64 (1.14-1.1), bc:amd64 (1.07.1-2+b1, automatic), dc:amd64 (1.07.1-2+b1, automatic), python3-olefile:amd64 (0.46-1, automatic), libsasl2-modules-db:amd64 (2.1.27+dfsg-1+deb10u1, automatic), printer-driver-c2esp:amd64 (27-4, automatic), tk:amd64 (8.6.9+1, automatic), mscompress:amd64 (0.4-3+b1, automatic), printer-driver-m2300w:amd64 (0.51-13, automatic), libldap-2.4-2:amd64 (2.4.47+dfsg-3+deb10u4, automatic), libfstrm0:amd64 (0.4.0-1, automatic), openssl:amd64 (1.1.1d-0+deb10u4, automatic), libllvm7:amd64 (1:7.0.1-8+deb10u2, automatic), printer-driver-hpcups:amd64 (3.18.12+dfsg0-2, automatic), libgirepository-1.0-1:amd64 (1.58.3-2, automatic), libgphoto2-6:amd64 (2.5.22-3, automatic), sane-utils:amd64 (1.0.27-3.2, automatic), liblcms2-2:amd64 (2.9-3, automatic), foomatic-db-compressed-ppds:amd64 (20181217-2, automatic), dconf-service:amd64 (0.30.1-2, automatic), task-english:amd64 (3.53), acl:amd64 (2.2.53-4, automatic), xdg-user-dirs:amd64 (0.17-2, automatic), libpciaccess0:amd64 (0.14-1, automatic), libxcb-present0:amd64 (1.13.1-2, automatic), libgd3:amd64 (2.2.5-5.2, automatic), libpython2-stdlib:amd64 (2.7.16-1, automatic), iamerican:amd64 (3.4.00-6, automatic), libavahi-glib1:amd64 (0.7-4+b1, automatic), libgl1:amd64 (1.1.0-1, automatic), libtcl8.6:amd64 (8.6.9+dfsg-2, automatic), libgs9:amd64 (9.27~dfsg-2+deb10u4, automatic), ispell:amd64 (3.4.00-6+b1, automatic), dbus:amd64 (1.12.20-0+deb10u1), libglapi-mesa:amd64 (18.3.6-2+deb10u1, automatic), libpsl5:amd64 (0.20.2-2, automatic), mariadb-common:amd64 (1:10.3.27-0+deb10u1, automatic), libpixman-1-0:amd64 (0.36.0-1, automatic), python2.7-minimal:amd64 (2.7.16-2+deb10u1, automatic), printer-driver-foo2zjs:amd64 (20171202dfsg0-2, automatic), libxrender1:amd64 (1:0.9.10-1, automatic), printer-driver-postscript-hp:amd64 (3.18.12+dfsg0-2, automatic), libicu63:amd64 (63.1-6+deb10u1, automatic), python3-urllib3:amd64 (1.24.1-1, automatic), libsnmp-base:amd64 (5.7.3+dfsg-5+deb10u1, automatic), bind9-host:amd64 (1:9.11.5.P4+dfsg-5.1+deb10u2), liblouis17:amd64 (3.8.0-2, automatic), python3-reportlab-accel:amd64 (3.5.13-1+deb10u1, automatic), debian-faq:amd64 (9.0), libwrap0:amd64 (7.6.q-28, automatic), libavahi-common-data:amd64 (0.7-4+b1, automatic), lsof:amd64 (4.91+dfsg-1), powermgmt-base:amd64 (1.34, automatic), geoip-database:amd64 (20181108-1, automatic), dconf-gsettings-backend:amd64 (0.30.1-2, automatic), perl-modules-5.28:amd64 (5.28.1-6+deb10u1), libavahi-common3:amd64 (0.7-4+b1, automatic), python3-pysimplesoap:amd64 (1.16.2-1, automatic), printer-driver-escpr:amd64 (1.6.33-1, automatic), python2.7:amd64 (2.7.16-2+deb10u1), python3-pil:amd64 (5.4.1-2+deb10u2, automatic), libpython3.7:amd64 (3.7.3-2+deb10u2, automatic), libimagequant0:amd64 (2.12.2-1.1, automatic), python-apt-common:amd64 (1.8.4.3, automatic), libgphoto2-l10n:amd64 (2.5.22-3, automatic), python2:amd64 (2.7.16-1, automatic), printer-driver-min12xxw:amd64 (0.0.9-11, automatic), libpolkit-agent-1-0:amd64 (0.105-25, automatic), libk5crypto3:amd64 (1.17-3+deb10u1, automatic), python3-idna:amd64 (2.6-1, automatic), printer-driver-fujixerox:amd64 (1.1.0+ds-3, automatic), printer-driver-pxljr:amd64 (1.4+repack0-5, automatic), libdaemon0:amd64 (0.14-7, automatic), fonts-droid-fallback:amd64 (1:6.0.1r16-1.1, automatic), cups-server-common:amd64 (2.2.10-6+deb10u4, automatic), libxcb-shm0:amd64 (1.13.1-2, automatic), python3-six:amd64 (1.12.0-1, automatic), libsasl2-2:amd64 (2.1.27+dfsg-1+deb10u1, automatic), libxcb-render0:amd64 (1.13.1-2, automatic), libpipeline1:amd64 (1.5.1-2, automatic), cups-common:amd64 (2.2.10-6+deb10u4, automatic), python:amd64 (2.7.16-1), ssl-cert:amd64 (1.0.39, automatic), colord-data:amd64 (1.4.3-4, automatic), libgudev-1.0-0:amd64 (232-2, automatic), fontconfig-config:amd64 (2.13.1-2, automatic), hp-ppd:amd64 (0.9-0.3, automatic), libx11-6:amd64 (2:1.6.7-1+deb10u1, automatic), python3-requests:amd64 (2.21.0-1, automatic), python3-httplib2:amd64 (0.11.3-2, automatic), libisc1100:amd64 (1:9.11.5.P4+dfsg-5.1+deb10u2, automatic), task-print-server:amd64 (3.53), libwebpdemux2:amd64 (0.6.1-2, automatic), libltdl7:amd64 (2.4.6-9, automatic), libxshmfence1:amd64 (1.3-1, automatic), ibritish:amd64 (3.4.00-6, automatic), libpaper1:amd64 (1.1.28, automatic), krb5-locales:amd64 (1.17-3+deb10u1), liblmdb0:amd64 (0.9.22-1, automatic), python3-renderpm:amd64 (3.5.13-1+deb10u1, automatic), libsm6:amd64 (2:1.2.3-1, automatic), python3-pycurl:amd64 (7.43.0.2-0.1, automatic), libjim0.77:amd64 (0.77+dfsg0-3, automatic), libperl5.28:amd64 (5.28.1-6+deb10u1, automatic), libpython-stdlib:amd64 (2.7.16-1, automatic), foomatic-db-engine:amd64 (4.0.13-3, automatic), libdrm-amdgpu1:amd64 (2.4.97-1, automatic), libexif12:amd64 (0.6.21-5.1+deb10u5, automatic), cups-filters:amd64 (1.21.6-5, automatic), libtiff5:amd64 (4.1.0+git191117-2~deb10u1, automatic), groff-base:amd64 (1.22.4-3), libsnmp30:amd64 (5.7.3+dfsg-5+deb10u1, automatic), libxau6:amd64 (1:1.0.8-1+b2, automatic), libxaw7:amd64 (2:1.0.13-1+b2, automatic), librtmp1:amd64 (2.4+20151223.gitfa8646d.1-2, automatic), libxcomposite1:amd64 (1:0.4.4-2, automatic), libnss-mdns:amd64 (0.14.1-1, automatic), man-db:amd64 (2.8.5-2), libsasl2-modules:amd64 (2.1.27+dfsg-1+deb10u1, automatic), libgeoip1:amd64 (1.6.12-1, automatic), python3-debconf:amd64 (1.5.71, automatic), cups-ppdc:amd64 (2.2.10-6+deb10u4, automatic), gir1.2-glib-2.0:amd64 (1.58.3-2, automatic), libxcb1:amd64 (1.13.1-2, automatic), libxtst6:amd64 (2:1.2.3-1, automatic), printer-driver-sag-gdi:amd64 (0.1-7, automatic), python2-minimal:amd64 (2.7.16-1, automatic), libxi6:amd64 (2:1.7.9-1, automatic), reportbug:amd64 (7.5.3~deb10u1), libkrb5support0:amd64 (1.17-3+deb10u1, automatic), libjbig2dec0:amd64 (0.16-1, automatic), printer-driver-cjet:amd64 (0.8.9-7, automatic), libxt6:amd64 (1:1.1.5-1+b3, automatic), hplip:amd64 (3.18.12+dfsg0-2, automatic), liblouisutdml8:amd64 (2.7.0-5+b1, automatic), libxv1:amd64 (2:1.0.11-1, automatic), avahi-daemon:amd64 (0.7-4+b1, automatic), libcupsfilters1:amd64 (1.21.6-5, automatic), libhpmud0:amd64 (3.18.12+dfsg0-2, automatic), libxinerama1:amd64 (2:1.1.4-2, automatic), tcl:amd64 (8.6.9+1, automatic), printer-driver-all:amd64 (0.20170124, automatic), tix:amd64 (8.4.3-10, automatic), libldap-common:amd64 (2.4.47+dfsg-3+deb10u4, automatic), libavahi-core7:amd64 (0.7-4+b1, automatic), libgutenprint-common:amd64 (5.3.1-7, automatic), libgdbm6:amd64 (1.18.1-4, automatic), fonts-dejavu-core:amd64 (2.37-1, automatic), liblwres161:amd64 (1:9.11.5.P4+dfsg-5.1+deb10u2, automatic), printer-driver-dymo:amd64 (1.4.0-8, automatic), doc-debian:amd64 (6.4), ucf:amd64 (3.0038+nmu1), libkeyutils1:amd64 (1.6-6, automatic), libxmuu1:amd64 (2:1.1.2-2+b3, automatic), printer-driver-gutenprint:amd64 (5.3.1-7, automatic), libxft2:amd64 (2.3.2-2, automatic), libprotobuf-c1:amd64 (1.3.1-1+b1, automatic), libpaper-utils:amd64 (1.1.28, automatic), libpcre2-8-0:amd64 (10.32-5, automatic), tk8.6:amd64 (8.6.9-2, automatic), libpam-systemd:amd64 (241-7~deb10u5), libxrandr2:amd64 (2:1.5.1-1, automatic), distro-info-data:amd64 (0.41+deb10u3, automatic), libdrm2:amd64 (2.4.97-1, automatic), ncurses-term:amd64 (6.1+20181013-2+deb10u2), libxcb-shape0:amd64 (1.13.1-2, automatic), python3-pkg-resources:amd64 (40.8.0-1, automatic), ghostscript:amd64 (9.27~dfsg-2+deb10u4, automatic), libglx0:amd64 (1.1.0-1, automatic), tcl8.6:amd64 (8.6.9+dfsg-2, automatic), libcolord2:amd64 (1.4.3-4, automatic), shared-mime-info:amd64 (1.10-1, automatic), openprinting-ppds:amd64 (20181217-2, automatic), libutempter0:amd64 (1.1.6-3, automatic), libfontembed1:amd64 (1.21.6-5, automatic), usb-modeswitch-data:amd64 (20170806-2, automatic), python3-reportbug:amd64 (7.5.3~deb10u1), libxfixes3:amd64 (1:5.0.3-1, automatic), libpolkit-backend-1-0:amd64 (0.105-25, automatic), libwebpmux3:amd64 (0.6.1-2, automatic), libgutenprint9:amd64 (5.3.1-7, automatic), libijs-0.35:amd64 (0.35-14, automatic), mysql-common:amd64 (5.8+1.0.5, automatic), libxxf86dga1:amd64 (2:1.1.4-1+b3, automatic), emacsen-common:amd64 (3.0.4, automatic), libfontconfig1:amd64 (2.13.1-2, automatic), libx11-data:amd64 (2:1.6.7-1+deb10u1, automatic), libgl1-mesa-dri:amd64 (18.3.6-2+deb10u1, automatic), unzip:amd64 (6.0-23+deb10u1, automatic), openssh-client:amd64 (1:7.9p1-10+deb10u2), printer-driver-hpijs:amd64 (3.18.12+dfsg0-2, automatic), liblouisutdml-bin:amd64 (2.7.0-5+b1, automatic), libnss-systemd:amd64 (241-7~deb10u5), libgs9-common:amd64 (9.27~dfsg-2+deb10u4, automatic), gsfonts:amd64 (1:8.11+urwcyr1.0.7~pre44-4.4, automatic), python3-dbus:amd64 (1.2.8-3, automatic), python3-debianbts:amd64 (2.8.2, automatic), libsane-hpaio:amd64 (3.18.12+dfsg0-2, automatic), libxxf86vm1:amd64 (1:1.1.4-1+b2, automatic), libuchardet0:amd64 (0.0.6-3, automatic), libglib2.0-data:amd64 (2.58.3-2+deb10u2, automatic), printer-driver-pnm2ppa:amd64 (1.13-9, automatic), libxdamage1:amd64 (1:1.1.4-3+b3, automatic), cups-filters-core-drivers:amd64 (1.21.6-5, automatic), dictionaries-common:amd64 (1.28.1, automatic), policykit-1:amd64 (0.105-25, automatic), lsb-release:amd64 (10.2019051400, automatic), libjbig0:amd64 (2.1-3.1+b2, automatic), libxml2:amd64 (2.9.4+dfsg1-7+deb10u1, automatic), libsane-common:amd64 (1.0.27-3.2, automatic), python3-gi:amd64 (3.30.4-1, automatic), libmariadb3:amd64 (1:10.3.27-0+deb10u1, automatic), libxmu6:amd64 (2:1.1.2-2+b3, automatic), libpython2.7-minimal:amd64 (2.7.16-2+deb10u1, automatic), python3-ptyprocess:amd64 (0.6.0-1, automatic), libnss3:amd64 (2:3.42.1-1+deb10u3, automatic), libedit2:amd64 (3.1-20181209-1, automatic), libdrm-intel1:amd64 (2.4.97-1, automatic), libsensors-config:amd64 (1:3.5.0-3, automatic), libfreetype6:amd64 (2.9.1-3+deb10u2, automatic), ca-certificates:amd64 (20200601~deb10u1, automatic), liblouis-data:amd64 (3.8.0-2, automatic), perl:amd64 (5.28.1-6+deb10u1), xauth:amd64 (1:1.0.10-1, automatic), apt-listchanges:amd64 (3.19), libisccc161:amd64 (1:9.11.5.P4+dfsg-5.1+deb10u2, automatic), netcat-traditional:amd64 (1.10-41.1), wget:amd64 (1.20.1-1.1), cups-bsd:amd64 (2.2.10-6+deb10u4, automatic), telnet:amd64 (0.17-41.2), x11-common:amd64 (1:7.7+19, automatic), libdrm-radeon1:amd64 (2.4.97-1, automatic), libxpm4:amd64 (1:3.5.12-1, automatic), dbus-user-session:amd64 (1.12.20-0+deb10u1, automatic), usb-modeswitch:amd64 (2.5.2+repack0-2, automatic), x11-utils:amd64 (7.7+4, automatic), cups-core-drivers:amd64 (2.2.10-6+deb10u4, automatic), cups-daemon:amd64 (2.2.10-6+deb10u4, automatic), libbind9-161:amd64 (1:9.11.5.P4+dfsg-5.1+deb10u2, automatic), libyaml-0-2:amd64 (0.2.1-1, automatic), libgdbm-compat4:amd64 (1.18.1-4, automatic), libdns1104:amd64 (1:9.11.5.P4+dfsg-5.1+deb10u2, automatic), libice6:amd64 (2:1.0.9-2, automatic), gettext-base:amd64 (0.19.8.1-9), libcolorhug2:amd64 (1.4.3-4, automatic), python3-reportlab:amd64 (3.5.13-1+deb10u1, automatic), libcairo2:amd64 (1.16.0-4, automatic), libcupsimage2:amd64 (2.2.10-6+deb10u4, automatic), libpython2.7-stdlib:amd64 (2.7.16-2+deb10u1, automatic), xbitmaps:amd64 (1.1.1-2, automatic), python3-debian:amd64 (0.1.35, automatic), printer-driver-ptouch:amd64 (1.4.2-3, automatic), traceroute:amd64 (1:2.1.0-2), libpoppler82:amd64 (0.71.0-5, automatic), libavahi-client3:amd64 (0.7-4+b1, automatic), fonts-noto-mono:amd64 (20181227-1, automatic), libxcb-glx0:amd64 (1.13.1-2, automatic), cups:amd64 (2.2.10-6+deb10u4, automatic), libtk8.6:amd64 (8.6.9-2, automatic), libxss1:amd64 (1:1.2.3-1, automatic), poppler-data:amd64 (0.4.9-2, automatic), libxcb-dri2-0:amd64 (1.13.1-2, automatic), cups-client:amd64 (2.2.10-6+deb10u4, automatic), cups-ipp-utils:amd64 (2.2.10-6+deb10u4, automatic), python3-certifi:amd64 (2018.8.24-1, automatic), liblcms2-utils:amd64 (2.9-3, automatic), libsensors5:amd64 (1:3.5.0-3, automatic), printer-driver-c2050:amd64 (0.3b-8, automatic), python3-chardet:amd64 (3.0.4-3, automatic), libxcb-dri3-0:amd64 (1.13.1-2, automatic), python-minimal:amd64 (2.7.16-1), libglib2.0-0:amd64 (2.58.3-2+deb10u2, automatic), libdconf1:amd64 (0.30.1-2, automatic), libjpeg62-turbo:amd64 (1:1.5.2-2+deb10u1, automatic), libnspr4:amd64 (2:4.20-1, automatic), libcurl3-gnutls:amd64 (7.64.0-4+deb10u1, automatic), libsane:amd64 (1.0.27-3.2, automatic), printer-driver-foo2zjs-common:amd64 (20171202dfsg0-2, automatic), wamerican:amd64 (2018.04.16-1), libx11-xcb1:amd64 (2:1.6.7-1+deb10u1, automatic), update-inetd:amd64 (4.49, automatic), python3-apt:amd64 (1.8.4.3, automatic), libxcb-sync1:amd64 (1.13.1-2, automatic), hdparm:amd64 (9.58+ds-1), cups-browsed:amd64 (1.21.6-5, automatic), colord:amd64 (1.4.3-4, automatic), xterm:amd64 (344-1, automatic), bash-completion:amd64 (1:2.8-6), libxext6:amd64 (2:1.3.3-1+b2, automatic), libglx-mesa0:amd64 (18.3.6-2+deb10u1, automatic), printer-driver-brlaser:amd64 (4-1, automatic), libglvnd0:amd64 (1.1.0-1, automatic), libdrm-common:amd64 (2.4.97-1, automatic), libpng16-16:amd64 (1.6.36-6, automatic)
End-Date: 2021-01-09  10:11:22

Start-Date: 2021-01-09  10:11:34
Commandline: apt-get -o APT::Status-Fd=4 -o APT::Keep-Fds::=5 -o APT::Keep-Fds::=6 -q -y --no-remove install grub-common
Install: libefivar1:amd64 (37-2+deb10u1, automatic), os-prober:amd64 (1.77, automatic), grub-common:amd64 (2.02+dfsg1-20+deb10u2), libefiboot1:amd64 (37-2+deb10u1, automatic), libfuse2:amd64 (2.9.9-1+deb10u1, automatic)
End-Date: 2021-01-09  10:11:39

Start-Date: 2021-01-09  10:11:45
Commandline: apt-get -o APT::Status-Fd=4 -o APT::Keep-Fds::=5 -o APT::Keep-Fds::=6 -q -y --no-remove install grub-pc
Install: grub2-common:amd64 (2.02+dfsg1-20+deb10u2, automatic), grub-pc:amd64 (2.02+dfsg1-20+deb10u2), grub-pc-bin:amd64 (2.02+dfsg1-20+deb10u2, automatic)
End-Date: 2021-01-09  10:11:46

Start-Date: 2021-01-09  12:35:23
Commandline: apt-get install sudo
Install: sudo:amd64 (1.8.27-1+deb10u2)
End-Date: 2021-01-09  12:35:28

Start-Date: 2021-01-11  03:51:39
Commandline: apt-get install dnsutils
Requested-By: usuario (1000)
Install: libirs161:amd64 (1:9.11.5.P4+dfsg-5.1+deb10u2, automatic), dnsutils:amd64 (1:9.11.5.P4+dfsg-5.1+deb10u2)
End-Date: 2021-01-11  03:51:42

Start-Date: 2021-01-13  06:26:00
Commandline: apt-get install console-data
Requested-By: usuario (1000)
Install: console-data:amd64 (2:1.12-6), console-common:amd64 (0.7.90+deb10u1, automatic)
End-Date: 2021-01-13  06:26:32

Start-Date: 2021-01-14  04:50:46
Commandline: apt-get install openssh-server
Requested-By: usuario (1000)
Install: openssh-sftp-server:amd64 (1:7.9p1-10+deb10u2, automatic), openssh-server:amd64 (1:7.9p1-10+deb10u2)
End-Date: 2021-01-14  04:50:58

Start-Date: 2021-01-14  06:08:00
Commandline: apt-get install git
Requested-By: usuario (1000)
Install: git-man:amd64 (1:2.20.1-2+deb10u3, automatic), git:amd64 (1:2.20.1-2+deb10u3), patch:amd64 (2.7.6-3+deb10u1, automatic), liberror-perl:amd64 (0.17027-2, automatic)
End-Date: 2021-01-14  06:08:40

Start-Date: 2021-01-14  06:11:11
Commandline: apt-get install isc-dhcp-server
Requested-By: usuario (1000)
Install: libirs-export161:amd64 (1:9.11.5.P4+dfsg-5.1+deb10u2, automatic), policycoreutils:amd64 (2.8-1, automatic), selinux-utils:amd64 (2.8-1+b1, automatic), libisccfg-export163:amd64 (1:9.11.5.P4+dfsg-5.1+deb10u2, automatic), isc-dhcp-server:amd64 (4.4.1-2)
End-Date: 2021-01-14  06:11:34

Start-Date: 2021-01-19  13:21:35
Commandline: apt-get install bind9
Requested-By: usuario (1000)
Install: python3-ply:amd64 (3.11-3, automatic), bind9utils:amd64 (1:9.11.5.P4+dfsg-5.1+deb10u2, automatic), net-tools:amd64 (1.60+git20180626.aebd88e-1, automatic), bind9:amd64 (1:9.11.5.P4+dfsg-5.1+deb10u2), dns-root-data:amd64 (2019031302, automatic)
End-Date: 2021-01-19  13:21:43
